<?xml version="1.0" encoding="UTF-8"?>
<!-- Generated by org.testng.reporters.JUnitReportReporter -->
<testsuite hostname="DESKTOP-UM2MPT8" failures="0" tests="3" name="TestRunner" time="74.820" errors="0" timestamp="2023-09-25T13:09:01 IST" skipped="0">
  <testcase classname="TestRunner" name="runScenario" time="15.625"/>
  <testcase classname="TestRunner" name="runScenario" time="25.054"/>
  <testcase classname="TestRunner" name="runScenario" time="34.141"/>
</testsuite> <!-- TestRunner -->
